INFO 2026-04-11 01:58:49,030 autoreload 27248 25140 Watching for file changes with StatReloader
INFO 2026-04-11 01:58:58,538 autoreload 27248 25140 C:\Users\DELL\Desktop\bt_dataplug\vtu_app\models.py changed, reloading.
INFO 2026-04-11 01:58:59,810 autoreload 2952 1748 Watching for file changes with StatReloader
INFO 2026-04-11 02:00:00,437 autoreload 2952 1748 C:\Users\DELL\Desktop\bt_dataplug\vtu_app\views.py changed, reloading.
INFO 2026-04-11 02:00:01,846 autoreload 8284 10456 Watching for file changes with StatReloader
INFO 2026-04-11 02:03:24,867 autoreload 8284 10456 C:\Users\DELL\Desktop\bt_dataplug\vtu_app\services\__init__.py changed, reloading.
INFO 2026-04-11 02:03:26,546 autoreload 23432 29076 Watching for file changes with StatReloader
INFO 2026-04-11 02:10:38,077 autoreload 23432 29076 C:\Users\DELL\Desktop\bt_dataplug\vtu_app\models.py changed, reloading.
INFO 2026-04-11 02:10:39,789 autoreload 27276 24832 Watching for file changes with StatReloader
INFO 2026-04-11 03:44:31,821 autoreload 27276 24832 C:\Users\DELL\Desktop\bt_dataplug\vtu_app\models.py changed, reloading.
INFO 2026-04-11 03:44:34,566 autoreload 29316 22160 Watching for file changes with StatReloader
INFO 2026-04-11 03:51:00,287 autoreload 29316 22160 C:\Users\DELL\Desktop\bt_dataplug\vtu_app\services\transaction_service.py changed, reloading.
INFO 2026-04-11 03:51:01,939 autoreload 24548 15220 Watching for file changes with StatReloader
INFO 2026-04-11 03:54:20,804 autoreload 24548 15220 C:\Users\DELL\Desktop\bt_dataplug\vtu_app\views.py changed, reloading.
INFO 2026-04-11 03:54:21,882 autoreload 21536 7776 Watching for file changes with StatReloader
INFO 2026-04-11 03:54:37,775 autoreload 21536 7776 C:\Users\DELL\Desktop\bt_dataplug\vtu_app\admin.py changed, reloading.
INFO 2026-04-11 03:54:38,735 autoreload 28756 14372 Watching for file changes with StatReloader
INFO 2026-04-11 03:59:59,026 autoreload 28756 14372 C:\Users\DELL\Desktop\bt_dataplug\vtu_app\views.py changed, reloading.
INFO 2026-04-11 04:00:00,963 autoreload 22876 21604 Watching for file changes with StatReloader
INFO 2026-04-11 04:00:12,633 autoreload 22876 21604 C:\Users\DELL\Desktop\bt_dataplug\vtu_app\views.py changed, reloading.
INFO 2026-04-11 04:00:13,686 autoreload 20356 15108 Watching for file changes with StatReloader
INFO 2026-04-11 04:00:53,063 autoreload 20356 15108 C:\Users\DELL\Desktop\bt_dataplug\vtu_app\urls.py changed, reloading.
INFO 2026-04-11 04:00:54,116 autoreload 4320 16616 Watching for file changes with StatReloader
INFO 2026-04-11 04:02:16,629 autoreload 4320 16616 C:\Users\DELL\Desktop\bt_dataplug\vtu_app\views.py changed, reloading.
INFO 2026-04-11 04:02:18,072 autoreload 22036 9440 Watching for file changes with StatReloader
INFO 2026-04-11 04:02:39,719 autoreload 22036 9440 C:\Users\DELL\Desktop\bt_dataplug\vtu_app\views.py changed, reloading.
INFO 2026-04-11 04:02:40,737 autoreload 16272 9412 Watching for file changes with StatReloader
INFO 2026-04-11 04:02:55,948 autoreload 16272 9412 C:\Users\DELL\Desktop\bt_dataplug\core\urls.py changed, reloading.
INFO 2026-04-11 04:02:56,980 autoreload 24960 23344 Watching for file changes with StatReloader
